<?xml version="1.0" encoding="UTF-8"?>
<testsuite xmlns:xsi="http://www.w3.org/2001/XMLSchema-instance" xsi:noNamespaceSchemaLocation="https://maven.apache.org/surefire/maven-surefire-plugin/xsd/surefire-test-report.xsd" version="3.0.2" name="com.slapmoji.api.SlapmojiApiApplicationTests" time="1.667" tests="1" errors="0" skipped="0" failures="0">
  <properties>
[...]
</properties>
  <testcase name="contextLoads" classname="com.slapmoji.api.SlapmojiApiApplicationTests" time="0.488">
    <system-out><![CDATA[21:43:40.849 [main] INFO org.springframework.test.context.support.AnnotationConfigContextLoaderUtils -- Could not detect default configuration classes for test class [com.slapmoji.api.SlapmojiApiApplicationTests]: SlapmojiApiApplicationTests does not declare any static, non-private, non-final, nested classes annotated with @Configuration.
21:43:40.930 [main] INFO org.springframework.boot.test.context.SpringBootTestContextBootstrapper -- Found @SpringBootConfiguration com.slapmoji.api.SlapmojiApiApplication for test class com.slapmoji.api.SlapmojiApiApplicationTests

  .   ____          _            __ _ _
 /\\ / ___'_ __ _ _(_)_ __  __ _ \ \ \ \
( ( )\___ | '_ | '_| | '_ \/ _` | \ \ \ \
 \\/  ___)| |_)| | | | | || (_| |  ) ) ) )
  '  |____| .__|_| |_|_| |_\__, | / / / /
 =========|_|==============|___/=/_/_/_/

 :: Spring Boot ::                (v3.5.0)

2026-04-15T21:43:41.224+10:00  INFO 69804 --- [slapmoji-api] [           main] c.s.api.SlapmojiApiApplicationTests      : Starting SlapmojiApiApplicationTests using Java 17.0.14 with PID 69804 (started by emily in /Users/emily/Documents/coding/SlapMoji/backend)
2026-04-15T21:43:41.225+10:00  INFO 69804 --- [slapmoji-api] [           main] c.s.api.SlapmojiApiApplicationTests      : No active profile set, falling back to 1 default profile: "default"
2026-04-15T21:43:41.917+10:00  INFO 69804 --- [slapmoji-api] [           main] c.s.api.SlapmojiApiApplicationTests      : Started SlapmojiApiApplicationTests in 0.891 seconds (process running for 1.594)
]]></system-out>
  </testcase>
</testsuite>